2023-10-28T17:02:06.071Z [error]: Error connecting to MariaDB: connect ECONNREFUSED 127.0.0.1:3306
2023-10-28T17:02:06.084Z [error]: Error connecting to MariaDB: connect ECONNREFUSED 127.0.0.1:3306
2023-10-28T17:02:15.239Z [error]: Error connecting to MariaDB: connect ECONNREFUSED 127.0.0.1:3306
2023-10-28T17:02:15.256Z [error]: Error connecting to MariaDB: connect ECONNREFUSED 127.0.0.1:3306
2023-10-28T17:08:38.693Z [error]: (conn=13, no: 1054, SQLState: 42S22) Unknown column 'categoryId' in 'field list'
sql: SELECT `id`, `content`, `timestamp`, `categoryId`, `createdAt`, `updatedAt` FROM `EducationPosts` AS `EducationPost` ORDER BY `EducationPost`.`timestamp` DESC LIMIT 3; - parameters:[]
2023-10-28T17:09:01.378Z [error]: (conn=16, no: 1054, SQLState: 42S22) Unknown column 'categoryId' in 'field list'
sql: SELECT `id`, `content`, `timestamp`, `categoryId`, `createdAt`, `updatedAt` FROM `EducationPosts` AS `EducationPost` ORDER BY `EducationPost`.`timestamp` DESC LIMIT 3; - parameters:[]
2023-10-28T17:09:02.095Z [error]: (conn=16, no: 1054, SQLState: 42S22) Unknown column 'categoryId' in 'field list'
sql: SELECT `id`, `content`, `timestamp`, `categoryId`, `createdAt`, `updatedAt` FROM `EducationPosts` AS `EducationPost` ORDER BY `EducationPost`.`timestamp` DESC LIMIT 3; - parameters:[]
2023-10-28T17:09:21.288Z [error]: (conn=18, no: 1054, SQLState: 42S22) Unknown column 'categoryId' in 'field list'
sql: SELECT `id`, `content`, `timestamp`, `categoryId`, `createdAt`, `updatedAt` FROM `EducationPosts` AS `EducationPost` ORDER BY `EducationPost`.`timestamp` DESC LIMIT 3; - parameters:[]
2023-10-28T17:09:52.159Z [error]: (conn=21, no: 1054, SQLState: 42S22) Unknown column 'categoryId' in 'field list'
sql: SELECT `id`, `content`, `timestamp`, `categoryId`, `createdAt`, `updatedAt` FROM `EducationPosts` AS `EducationPost` ORDER BY `EducationPost`.`timestamp` DESC LIMIT 3; - parameters:[]
2023-10-28T17:23:00.649Z [error]: (conn=28, no: 1364, SQLState: HY000) Field 'category' doesn't have a default value
sql: INSERT INTO `EducationPosts` (`id`,`content`,`timestamp`,`createdAt`,`updatedAt`) VALUES (DEFAULT,?,?,?,?); - parameters:['

"Did you know that climate change can increase the frequency and intensity of natural disasters like earthquakes and flooding? Let'...]
2023-10-28T17:23:27.425Z [error]: (conn=29, no: 1364, SQLState: HY000) Field 'category' doesn't have a default value
sql: INSERT INTO `EducationPosts` (`id`,`content`,`timestamp`,`createdAt`,`updatedAt`) VALUES (DEFAULT,?,?,?,?); - parameters:['

"Did you know that climate change can increase the frequency and intensity of natural disasters like floods, earthquakes and hurric...]
2023-10-28T17:27:18.491Z [error]: notNull Violation: EducationPost.category cannot be null
2023-10-28T21:28:04.715Z [error]: Error connecting to MariaDB: connect ECONNREFUSED 127.0.0.1:3306
2023-10-28T21:28:04.759Z [error]: Error connecting to MariaDB: connect ECONNREFUSED 127.0.0.1:3306
2023-10-28T21:29:53.287Z [error]: Error connecting to MariaDB: connect ECONNREFUSED 127.0.0.1:3306
2023-10-28T21:29:53.326Z [error]: Error connecting to MariaDB: connect ECONNREFUSED 127.0.0.1:3306
2023-10-29T06:48:22.924Z [error]: (conn=19, no: 1146, SQLState: 42S02) Table 'post.EducationPosts' doesn't exist
sql: SELECT `id`, `content`, `timestamp`, `category`, `createdAt`, `updatedAt` FROM `EducationPosts` AS `EducationPost` ORDER BY `EducationPost`.`timestamp` DESC LIMIT 3; - parameters:[]
2023-10-29T06:48:26.281Z [error]: (conn=19, no: 1146, SQLState: 42S02) Table 'post.EducationPosts' doesn't exist
sql: SELECT `id`, `content`, `timestamp`, `category`, `createdAt`, `updatedAt` FROM `EducationPosts` AS `EducationPost` ORDER BY `EducationPost`.`timestamp` DESC LIMIT 3; - parameters:[]
2023-10-29T06:49:05.050Z [error]: (conn=23, no: 1146, SQLState: 42S02) Table 'post.EducationPosts' doesn't exist
sql: SELECT `id`, `content`, `timestamp`, `category`, `createdAt`, `updatedAt` FROM `EducationPosts` AS `EducationPost` ORDER BY `EducationPost`.`timestamp` DESC LIMIT 3; - parameters:[]
2023-10-29T06:52:21.239Z [error]: (conn=11, no: 1406, SQLState: 22001) Data too long for column 'content' at row 1
sql: INSERT INTO `EducationPosts` (`id`,`content`,`timestamp`,`category`,`createdAt`,`updatedAt`) VALUES (DEFAULT,?,?,?,?,?); - parameters:['

"Let's not forget the impact of climate change on our communities and economies. Rising sea levels and extreme weather...]
2023-10-29T23:34:23.391Z [error]: Error connecting to MariaDB: (conn=33, no: 1698, SQLState: 28000) Access denied for user 'root'@'localhost'
2023-10-29T23:34:23.405Z [error]: Error connecting to MariaDB: (conn=34, no: 1698, SQLState: 28000) Access denied for user 'root'@'localhost'
2023-10-29T23:40:55.676Z [error]: Error connecting to MariaDB: (conn=38, no: 1698, SQLState: 28000) Access denied for user 'root'@'localhost'
2023-10-29T23:40:55.679Z [error]: Error connecting to MariaDB: (conn=39, no: 1698, SQLState: 28000) Access denied for user 'root'@'localhost'
2023-10-29T23:41:45.600Z [error]: Error connecting to MariaDB: (conn=40, no: 1049, SQLState: 42000) Unknown database 'post'
2023-10-29T23:41:45.623Z [error]: Error connecting to MariaDB: (conn=41, no: 1698, SQLState: 28000) Access denied for user 'root'@'localhost'
2023-10-29T23:51:26.203Z [error]: Error connecting to MariaDB: (conn=42, no: 1049, SQLState: 42000) Unknown database 'post'
2023-10-29T23:51:26.205Z [error]: Error connecting to MariaDB: (conn=43, no: 1698, SQLState: 28000) Access denied for user 'root'@'localhost'
2023-10-29T23:53:10.952Z [error]: (conn=44, no: 1049, SQLState: 42000) Unknown database 'post'
2023-10-29T23:55:13.575Z [error]: Error connecting to MariaDB: (conn=31, no: 1049, SQLState: 42000) Unknown database 'post'
2023-10-29T23:55:13.579Z [error]: Error connecting to MariaDB: (conn=32, no: 1698, SQLState: 28000) Access denied for user 'root'@'localhost'
2023-10-30T00:01:35.087Z [error]: Error connecting to MariaDB: (conn=34, no: 1698, SQLState: 28000) Access denied for user 'root'@'localhost'
2023-10-30T00:01:35.431Z [error]: Error connecting to MariaDB: No database selected
2023-10-30T00:01:58.420Z [error]: Error connecting to MariaDB: (conn=37, no: 1698, SQLState: 28000) Access denied for user 'root'@'localhost'
2023-10-30T00:01:58.475Z [error]: Error connecting to MariaDB: No database selected
2023-10-30T00:04:46.912Z [error]: Error connecting to MariaDB: (conn=40, no: 1698, SQLState: 28000) Access denied for user 'root'@'localhost'
2023-10-30T00:04:59.283Z [error]: (conn=42, no: 1046, SQLState: 3D000) No database selected
sql: SELECT `id`, `content`, `timestamp`, `category`, `createdAt`, `updatedAt` FROM `EducationPosts` AS `EducationPost` ORDER BY `EducationPost`.`timestamp` DESC LIMIT 3; - parameters:[]
2023-10-30T00:08:41.760Z [error]: (conn=49, no: 1146, SQLState: 42S02) Table 'post.EducationPosts' doesn't exist
sql: SELECT `id`, `content`, `timestamp`, `category`, `createdAt`, `updatedAt` FROM `EducationPosts` AS `EducationPost` ORDER BY `EducationPost`.`timestamp` DESC LIMIT 3; - parameters:[]
2023-10-30T00:09:56.316Z [error]: (conn=56, no: 1046, SQLState: 3D000) No database selected
sql: SELECT `id`, `content`, `timestamp`, `category`, `createdAt`, `updatedAt` FROM `EducationPosts` AS `EducationPost` ORDER BY `EducationPost`.`timestamp` DESC LIMIT 3; - parameters:[]
2023-10-30T06:40:29.329Z [error]: (conn=97, no: 1406, SQLState: 22001) Data too long for column 'content' at row 1
sql: INSERT INTO `EducationPosts` (`id`,`content`,`timestamp`,`category`,`createdAt`,`updatedAt`) VALUES (DEFAULT,?,?,?,?,?); - parameters:['

"Climate change can also lead to more frequent and severe earthquakes, causing devastating impact on communities. Let'...]
2023-10-30T07:02:43.007Z [error]: (conn=44, no: 1406, SQLState: 22001) Data too long for column 'content' at row 1
sql: INSERT INTO `EducationPosts` (`id`,`content`,`timestamp`,`category`,`createdAt`,`updatedAt`) VALUES (DEFAULT,?,?,?,?,?); - parameters:['

"Did you know that climate change is causing more frequent and severe natural disasters? It's important to take action...]
2023-10-30T07:03:13.153Z [error]: (conn=45, no: 1406, SQLState: 22001) Data too long for column 'content' at row 1
sql: INSERT INTO `EducationPosts` (`id`,`content`,`timestamp`,`category`,`createdAt`,`updatedAt`) VALUES (DEFAULT,?,?,?,?,?); - parameters:['

"As we see the effects of climate change, it's important to educate ourselves on how to minimize our impact and adapt ...]
2023-10-30T07:03:26.505Z [error]: (conn=46, no: 1406, SQLState: 22001) Data too long for column 'content' at row 1
sql: INSERT INTO `EducationPosts` (`id`,`content`,`timestamp`,`category`,`createdAt`,`updatedAt`) VALUES (DEFAULT,?,?,?,?,?); - parameters:['

"From hurricanes to wildfires, our world is facing more extreme weather events than ever before. It's crucial to under...]
2023-10-30T07:07:48.573Z [error]: Error connecting to MariaDB: getaddrinfo ENOTFOUND %
2023-10-30T11:42:12.713Z [error]: Error connecting to MariaDB: (conn=-1, no: 45012, SQLState: 08S01) Connection timeout: failed to create socket after 1002ms
2023-10-30T11:42:44.077Z [error]: Error connecting to MariaDB: getaddrinfo EAI_AGAIN mariadb
2023-10-30T11:44:15.838Z [error]: Error connecting to MariaDB: (conn=-1, no: 45012, SQLState: 08S01) Connection timeout: failed to create socket after 1003ms
2023-10-30T12:19:04.007Z [error]: Error connecting to MariaDB: (conn=-1, no: 45012, SQLState: 08S01) Connection timeout: failed to create socket after 1003ms
2023-10-30T12:19:30.543Z [error]: Error connecting to MariaDB: connect ECONNREFUSED 127.0.0.1:3306
2023-10-30T12:26:02.416Z [error]: Error connecting to MariaDB: getaddrinfo EAI_AGAIN mariadb
2023-10-30T12:28:25.496Z [error]: Error connecting to MariaDB: getaddrinfo EAI_AGAIN mariadb
2023-10-30T13:32:28.016Z [error]: Error connecting to MariaDB: getaddrinfo EAI_AGAIN mariadb
2023-10-30T13:32:43.165Z [error]: Error connecting to MariaDB: connect ECONNREFUSED 127.0.0.1:3306
2023-10-31T10:34:02.961Z [error]: Error connecting to MariaDB: (conn=-1, no: 45012, SQLState: 08S01) Connection timeout: failed to create socket after 1003ms
2023-10-31T21:46:22.101Z [error]: Error connecting to MariaDB: getaddrinfo EAI_AGAIN mariadb
2023-10-31T21:57:29.660Z [error]: Error connecting to MariaDB: getaddrinfo EAI_AGAIN mariadb
2023-11-02T23:04:36.456Z [error]: Error connecting to MariaDB: getaddrinfo ENOTFOUND http://climatewavers-mariadb-route-olagoldhackxx-dev.apps.sandbox-m4.g2pi.p1.openshiftapps.com
2023-11-02T23:06:42.984Z [error]: Error connecting to MariaDB: getaddrinfo ENOTFOUND http://climatewavers-mariadb-route-olagoldhackxx-dev.apps.sandbox-m4.g2pi.p1.openshiftapps.com
2023-11-02T23:07:40.975Z [error]: Error connecting to MariaDB: (conn=-1, no: 45012, SQLState: 08S01) Connection timeout: failed to create socket after 1003ms
2023-11-02T23:09:57.336Z [error]: Error connecting to MariaDB: (conn=-1, no: 45012, SQLState: 08S01) Connection timeout: failed to create socket after 1001ms
2023-11-02T23:12:30.924Z [error]: Error connecting to MariaDB: getaddrinfo ENOTFOUND http://climatewavers-mariadb-route-olagoldhackxx-dev.apps.sandbox-m4.g2pi.p1.openshiftapps.com
2023-11-02T23:14:58.480Z [error]: Error connecting to MariaDB: getaddrinfo ENOTFOUND http://climatewavers-mariadb-route-olagoldhackxx-dev.apps.sandbox-m4.g2pi.p1.openshiftapps.com
2023-11-02T23:15:19.087Z [error]: Error connecting to MariaDB: connect ECONNREFUSED 127.0.0.1:3306
2023-11-02T23:16:50.194Z [error]: Error connecting to MariaDB: getaddrinfo ENOTFOUND http://climatewavers-mariadb-route-olagoldhackxx-dev.apps.sandbox-m4.g2pi.p1.openshiftapps.com
2023-11-02T23:18:42.303Z [error]: Error connecting to MariaDB: (conn=-1, no: 45012, SQLState: 08S01) Connection timeout: failed to create socket after 1002ms
2023-11-02T23:25:45.061Z [error]: Error connecting to MariaDB: (conn=-1, no: 45012, SQLState: 08S01) Connection timeout: failed to create socket after 1001ms
2023-11-02T23:25:58.374Z [error]: Error connecting to MariaDB: getaddrinfo ENOTFOUND http://climatewavers-mariadb-route-olagoldhackxx-dev.apps.sandbox-m4.g2pi.p1.openshiftapps.com
2023-11-02T23:39:18.373Z [error]: Error connecting to MariaDB: getaddrinfo ENOTFOUND http://climatewavers-mariadb-route-olagoldhackxx-dev.apps.sandbox-m4.g2pi.p1.openshiftapps.com
2023-11-02T23:43:43.426Z [error]: Error connecting to MariaDB: getaddrinfo ENOTFOUND 172.30.88.6:3306
2023-11-02T23:44:10.588Z [error]: Error connecting to MariaDB: (conn=-1, no: 45012, SQLState: 08S01) Connection timeout: failed to create socket after 1003ms
2023-11-03T06:16:42.878Z [error]: Error connecting to MariaDB: (conn=-1, no: 45012, SQLState: 08S01) Connection timeout: failed to create socket after 1002ms
2023-11-03T07:09:37.588Z [error]: Error connecting to MariaDB: (conn=-1, no: 45012, SQLState: 08S01) Connection timeout: failed to create socket after 1002ms
2023-11-03T07:11:31.706Z [error]: Error connecting to MariaDB: (conn=-1, no: 45012, SQLState: 08S01) Connection timeout: failed to create socket after 1002ms
2023-11-03T07:12:02.876Z [error]: Error connecting to MariaDB: getaddrinfo ENOTFOUND 54.144.1.39:3306
2023-11-03T07:13:12.605Z [error]: Error connecting to MariaDB: (conn=-1, no: 45012, SQLState: 08S01) Connection timeout: failed to create socket after 1002ms
2023-11-03T07:26:14.460Z [error]: Error connecting to MariaDB: (conn=-1, no: 45012, SQLState: 08S01) Connection timeout: failed to create socket after 1002ms
2023-11-03T07:28:49.064Z [error]: Error connecting to MariaDB: (conn=-1, no: 45012, SQLState: 08S01) Connection timeout: failed to create socket after 1003ms
2023-11-03T07:29:54.963Z [error]: Error connecting to MariaDB: getaddrinfo ENOTFOUND 52.55.204.85:3306
2023-11-03T07:32:45.548Z [error]: Error connecting to MariaDB: (conn=-1, no: 45012, SQLState: 08S01) Connection timeout: failed to create socket after 1001ms
2023-11-03T07:35:35.889Z [error]: Error connecting to MariaDB: getaddrinfo EAI_AGAIN climatewavers_db
2023-11-09T06:28:04.098Z [error]: Error connecting to MariaDB: getaddrinfo EAI_AGAIN climatewavers_db
2023-11-09T06:38:01.913Z [error]: User is not defined
2023-11-09T06:42:28.867Z [error]: User is not defined
2023-11-09T06:53:28.848Z [error]: notNull Violation: user.id cannot be null,
notNull Violation: user.first_name cannot be null,
notNull Violation: user.last_name cannot be null,
notNull Violation: user.is_verified cannot be null,
notNull Violation: user.created_at cannot be null,
notNull Violation: user.updated_at cannot be null
2023-11-09T07:01:25.078Z [error]: notNull Violation: Post.id cannot be null
2023-11-09T07:04:54.952Z [error]: undefined Connection error.
2023-11-11T08:36:58.539Z [error]: (conn=34, no: 1146, SQLState: 42S02) Table 'post.post' doesn't exist
sql: SELECT `id`, `date_created`, `content_text`, `content_image`, `comment_count`, `category`, `user_id` FROM `post` AS `post` ORDER BY `post`.`date_created` DESC LIMIT 3; - parameters:[]
2023-11-11T08:39:24.208Z [error]: (conn=37, no: 1364, SQLState: HY000) Field 'createdAt' doesn't have a default value
sql: INSERT INTO `Posts` (`id`,`date_created`,`content_text`,`comment_count`,`category`,`user_id`) VALUES (?,?,?,?,?,?); - parameters:['941753da-d36d-42b2-a641-dbc8fbdf6103','2023-11-11 08:39:24.145',' 

"Teaching our children about the importance of disaster p...]
